<?xml version="1.0" encoding="UTF-8"?>
<testng-results ignored="0" total="3" passed="3" failed="0" skipped="0">
  <reporter-output>
  </reporter-output>
  <suite started-at="2026-03-20T09:19:02 CET" name="Selenium CI Demo Suite" finished-at="2026-03-20T09:19:16 CET" duration-ms="14645">
    <groups>
    </groups>
    <test started-at="2026-03-20T09:19:02 CET" name="Google Search Tests" finished-at="2026-03-20T09:19:16 CET" duration-ms="14645">
      <class name="com.qa.demo.GoogleSearchTest">
        <test-method is-config="true" signature="setUp()[pri:0, instance:com.qa.demo.GoogleSearchTest@479d31f3]" started-at="2026-03-20T09:19:02 CET" name="setUp" finished-at="2026-03-20T09:19:03 CET" duration-ms="1373" status="PASS">
          <reporter-output>
          </reporter-output>
        </test-method> <!-- setUp -->
        <test-method signature="loginPageTitleIsCorrect()[pri:0, instance:com.qa.demo.GoogleSearchTest@479d31f3]" started-at="2026-03-20T09:19:03 CET" name="loginPageTitleIsCorrect" finished-at="2026-03-20T09:19:07 CET" duration-ms="3542" status="PASS">
          <reporter-output>
          </reporter-output>
        </test-method> <!-- loginPageTitleIsCorrect -->
        <test-method is-config="true" signature="tearDown()[pri:0, instance:com.qa.demo.GoogleSearchTest@479d31f3]" started-at="2026-03-20T09:19:07 CET" name="tearDown" finished-at="2026-03-20T09:19:07 CET" duration-ms="103" status="PASS">
          <reporter-output>
          </reporter-output>
        </test-method> <!-- tearDown -->
        <test-method is-config="true" signature="setUp()[pri:0, instance:com.qa.demo.GoogleSearchTest@479d31f3]" started-at="2026-03-20T09:19:07 CET" name="setUp" finished-at="2026-03-20T09:19:07 CET" duration-ms="607" status="PASS">
          <reporter-output>
          </reporter-output>
        </test-method> <!-- setUp -->
        <test-method signature="loginWithInvalidCredentials()[pri:0, instance:com.qa.demo.GoogleSearchTest@479d31f3]" started-at="2026-03-20T09:19:07 CET" name="loginWithInvalidCredentials" finished-at="2026-03-20T09:19:12 CET" duration-ms="4645" status="PASS">
          <reporter-output>
          </reporter-output>
        </test-method> <!-- loginWithInvalidCredentials -->
        <test-method is-config="true" signature="tearDown()[pri:0, instance:com.qa.demo.GoogleSearchTest@479d31f3]" started-at="2026-03-20T09:19:12 CET" name="tearDown" finished-at="2026-03-20T09:19:12 CET" duration-ms="97" status="PASS">
          <reporter-output>
          </reporter-output>
        </test-method> <!-- tearDown -->
        <test-method is-config="true" signature="setUp()[pri:0, instance:com.qa.demo.GoogleSearchTest@479d31f3]" started-at="2026-03-20T09:19:12 CET" name="setUp" finished-at="2026-03-20T09:19:13 CET" duration-ms="599" status="PASS">
          <reporter-output>
          </reporter-output>
        </test-method> <!-- setUp -->
        <test-method signature="loginWithValidCredentials()[pri:0, instance:com.qa.demo.GoogleSearchTest@479d31f3]" started-at="2026-03-20T09:19:13 CET" name="loginWithValidCredentials" finished-at="2026-03-20T09:19:16 CET" duration-ms="3540" status="PASS">
          <reporter-output>
          </reporter-output>
        </test-method> <!-- loginWithValidCredentials -->
        <test-method is-config="true" signature="tearDown()[pri:0, instance:com.qa.demo.GoogleSearchTest@479d31f3]" started-at="2026-03-20T09:19:16 CET" name="tearDown" finished-at="2026-03-20T09:19:16 CET" duration-ms="101" status="PASS">
          <reporter-output>
          </reporter-output>
        </test-method> <!-- tearDown -->
      </class> <!-- com.qa.demo.GoogleSearchTest -->
    </test> <!-- Google Search Tests -->
  </suite> <!-- Selenium CI Demo Suite -->
</testng-results>
