<?xml version="1.0" encoding="UTF-8"?>
<!-- Generated by org.testng.reporters.JUnitXMLReporter -->
<testsuite ignored="0" hostname="DESKTOP-6F4P6J2" failures="0" tests="3" name="Google Search Tests" time="14.645" errors="0" timestamp="2026-03-20T09:19:16 CET">
  <testcase classname="com.qa.demo.GoogleSearchTest" name="loginPageTitleIsCorrect" time="3.542"/>
  <testcase classname="com.qa.demo.GoogleSearchTest" name="loginWithInvalidCredentials" time="4.645"/>
  <testcase classname="com.qa.demo.GoogleSearchTest" name="loginWithValidCredentials" time="3.54"/>
</testsuite> <!-- Google Search Tests -->
