<?xml version="1.0" encoding="UTF-8"?>
<!-- Generated by org.testng.reporters.JUnitReportReporter -->
<testsuite hostname="DESKTOP-6F4P6J2" failures="0" tests="3" name="com.qa.demo.GoogleSearchTest" time="14.607" errors="0" timestamp="2026-03-20T09:19:16 CET" skipped="0">
  <testcase classname="com.qa.demo.GoogleSearchTest" name="loginPageTitleIsCorrect" time="5.018"/>
  <testcase classname="com.qa.demo.GoogleSearchTest" name="loginWithValidCredentials" time="4.244"/>
  <testcase classname="com.qa.demo.GoogleSearchTest" name="loginWithInvalidCredentials" time="5.345"/>
</testsuite> <!-- com.qa.demo.GoogleSearchTest -->
